<?xml version="1.0" encoding="UTF-8" ?>
<testsuite tests="60" failures="0" name="com.tradeshift.triangle.test.TriangleTypeTest" time="0.019" errors="0" skipped="50">
  <properties>
[...]
</properties>
  <testcase classname="com.tradeshift.triangle.test.TriangleTypeTest" name="scaleneTypeTest[0]" time="0"/>
  <testcase classname="com.tradeshift.triangle.test.TriangleTypeTest" name="isoscelesTypeTest[0]" time="0">
    <skipped/>
  </testcase>
  <testcase classname="com.tradeshift.triangle.test.TriangleTypeTest" name="notScaleneTypeTest[0]" time="0">
    <skipped/>
  </testcase>
  <testcase classname="com.tradeshift.triangle.test.TriangleTypeTest" name="equilateralTypeTest[0]" time="0">
    <skipped/>
  </testcase>
  <testcase classname="com.tradeshift.triangle.test.TriangleTypeTest" name="notIsoscelesTypeTest[0]" time="0">
    <skipped/>
  </testcase>
  <testcase classname="com.tradeshift.triangle.test.TriangleTypeTest" name="notEquilateralTypeTest[0]" time="0">
    <skipped/>
  </testcase>
  <testcase classname="com.tradeshift.triangle.test.TriangleTypeTest" name="scaleneTypeTest[1]" time="0"/>
  <testcase classname="com.tradeshift.triangle.test.TriangleTypeTest" name="isoscelesTypeTest[1]" time="0">
    <skipped/>
  </testcase>
  <testcase classname="com.tradeshift.triangle.test.TriangleTypeTest" name="notScaleneTypeTest[1]" time="0">
    <skipped/>
  </testcase>
  <testcase classname="com.tradeshift.triangle.test.TriangleTypeTest" name="equilateralTypeTest[1]" time="0">
    <skipped/>
  </testcase>
  <testcase classname="com.tradeshift.triangle.test.TriangleTypeTest" name="notIsoscelesTypeTest[1]" time="0">
    <skipped/>
  </testcase>
  <testcase classname="com.tradeshift.triangle.test.TriangleTypeTest" name="notEquilateralTypeTest[1]" time="0">
    <skipped/>
  </testcase>
  <testcase classname="com.tradeshift.triangle.test.TriangleTypeTest" name="scaleneTypeTest[2]" time="0"/>
  <testcase classname="com.tradeshift.triangle.test.TriangleTypeTest" name="isoscelesTypeTest[2]" time="0">
    <skipped/>
  </testcase>
  <testcase classname="com.tradeshift.triangle.test.TriangleTypeTest" name="notScaleneTypeTest[2]" time="0">
    <skipped/>
  </testcase>
  <testcase classname="com.tradeshift.triangle.test.TriangleTypeTest" name="equilateralTypeTest[2]" time="0">
    <skipped/>
  </testcase>
  <testcase classname="com.tradeshift.triangle.test.TriangleTypeTest" name="notIsoscelesTypeTest[2]" time="0">
    <skipped/>
  </testcase>
  <testcase classname="com.tradeshift.triangle.test.TriangleTypeTest" name="notEquilateralTypeTest[2]" time="0">
    <skipped/>
  </testcase>
  <testcase classname="com.tradeshift.triangle.test.TriangleTypeTest" name="scaleneTypeTest[3]" time="0">
    <skipped/>
  </testcase>
  <testcase classname="com.tradeshift.triangle.test.TriangleTypeTest" name="isoscelesTypeTest[3]" time="0"/>
  <testcase classname="com.tradeshift.triangle.test.TriangleTypeTest" name="notScaleneTypeTest[3]" time="0">
    <skipped/>
  </testcase>
  <testcase classname="com.tradeshift.triangle.test.TriangleTypeTest" name="equilateralTypeTest[3]" time="0">
    <skipped/>
  </testcase>
  <testcase classname="com.tradeshift.triangle.test.TriangleTypeTest" name="notIsoscelesTypeTest[3]" time="0">
    <skipped/>
  </testcase>
  <testcase classname="com.tradeshift.triangle.test.TriangleTypeTest" name="notEquilateralTypeTest[3]" time="0">
    <skipped/>
  </testcase>
  <testcase classname="com.tradeshift.triangle.test.TriangleTypeTest" name="scaleneTypeTest[4]" time="0">
    <skipped/>
  </testcase>
  <testcase classname="com.tradeshift.triangle.test.TriangleTypeTest" name="isoscelesTypeTest[4]" time="0"/>
  <testcase classname="com.tradeshift.triangle.test.TriangleTypeTest" name="notScaleneTypeTest[4]" time="0">
    <skipped/>
  </testcase>
  <testcase classname="com.tradeshift.triangle.test.TriangleTypeTest" name="equilateralTypeTest[4]" time="0">
    <skipped/>
  </testcase>
  <testcase classname="com.tradeshift.triangle.test.TriangleTypeTest" name="notIsoscelesTypeTest[4]" time="0">
    <skipped/>
  </testcase>
  <testcase classname="com.tradeshift.triangle.test.TriangleTypeTest" name="notEquilateralTypeTest[4]" time="0">
    <skipped/>
  </testcase>
  <testcase classname="com.tradeshift.triangle.test.TriangleTypeTest" name="scaleneTypeTest[5]" time="0">
    <skipped/>
  </testcase>
  <testcase classname="com.tradeshift.triangle.test.TriangleTypeTest" name="isoscelesTypeTest[5]" time="0"/>
  <testcase classname="com.tradeshift.triangle.test.TriangleTypeTest" name="notScaleneTypeTest[5]" time="0">
    <skipped/>
  </testcase>
  <testcase classname="com.tradeshift.triangle.test.TriangleTypeTest" name="equilateralTypeTest[5]" time="0">
    <skipped/>
  </testcase>
  <testcase classname="com.tradeshift.triangle.test.TriangleTypeTest" name="notIsoscelesTypeTest[5]" time="0">
    <skipped/>
  </testcase>
  <testcase classname="com.tradeshift.triangle.test.TriangleTypeTest" name="notEquilateralTypeTest[5]" time="0">
    <skipped/>
  </testcase>
  <testcase classname="com.tradeshift.triangle.test.TriangleTypeTest" name="scaleneTypeTest[6]" time="0">
    <skipped/>
  </testcase>
  <testcase classname="com.tradeshift.triangle.test.TriangleTypeTest" name="isoscelesTypeTest[6]" time="0">
    <skipped/>
  </testcase>
  <testcase classname="com.tradeshift.triangle.test.TriangleTypeTest" name="notScaleneTypeTest[6]" time="0">
    <skipped/>
  </testcase>
  <testcase classname="com.tradeshift.triangle.test.TriangleTypeTest" name="equilateralTypeTest[6]" time="0"/>
  <testcase classname="com.tradeshift.triangle.test.TriangleTypeTest" name="notIsoscelesTypeTest[6]" time="0">
    <skipped/>
  </testcase>
  <testcase classname="com.tradeshift.triangle.test.TriangleTypeTest" name="notEquilateralTypeTest[6]" time="0">
    <skipped/>
  </testcase>
  <testcase classname="com.tradeshift.triangle.test.TriangleTypeTest" name="scaleneTypeTest[7]" time="0">
    <skipped/>
  </testcase>
  <testcase classname="com.tradeshift.triangle.test.TriangleTypeTest" name="isoscelesTypeTest[7]" time="0">
    <skipped/>
  </testcase>
  <testcase classname="com.tradeshift.triangle.test.TriangleTypeTest" name="notScaleneTypeTest[7]" time="0"/>
  <testcase classname="com.tradeshift.triangle.test.TriangleTypeTest" name="equilateralTypeTest[7]" time="0">
    <skipped/>
  </testcase>
  <testcase classname="com.tradeshift.triangle.test.TriangleTypeTest" name="notIsoscelesTypeTest[7]" time="0">
    <skipped/>
  </testcase>
  <testcase classname="com.tradeshift.triangle.test.TriangleTypeTest" name="notEquilateralTypeTest[7]" time="0">
    <skipped/>
  </testcase>
  <testcase classname="com.tradeshift.triangle.test.TriangleTypeTest" name="scaleneTypeTest[8]" time="0">
    <skipped/>
  </testcase>
  <testcase classname="com.tradeshift.triangle.test.TriangleTypeTest" name="isoscelesTypeTest[8]" time="0">
    <skipped/>
  </testcase>
  <testcase classname="com.tradeshift.triangle.test.TriangleTypeTest" name="notScaleneTypeTest[8]" time="0">
    <skipped/>
  </testcase>
  <testcase classname="com.tradeshift.triangle.test.TriangleTypeTest" name="equilateralTypeTest[8]" time="0">
    <skipped/>
  </testcase>
  <testcase classname="com.tradeshift.triangle.test.TriangleTypeTest" name="notIsoscelesTypeTest[8]" time="0"/>
  <testcase classname="com.tradeshift.triangle.test.TriangleTypeTest" name="notEquilateralTypeTest[8]" time="0">
    <skipped/>
  </testcase>
  <testcase classname="com.tradeshift.triangle.test.TriangleTypeTest" name="scaleneTypeTest[9]" time="0">
    <skipped/>
  </testcase>
  <testcase classname="com.tradeshift.triangle.test.TriangleTypeTest" name="isoscelesTypeTest[9]" time="0">
    <skipped/>
  </testcase>
  <testcase classname="com.tradeshift.triangle.test.TriangleTypeTest" name="notScaleneTypeTest[9]" time="0">
    <skipped/>
  </testcase>
  <testcase classname="com.tradeshift.triangle.test.TriangleTypeTest" name="equilateralTypeTest[9]" time="0">
    <skipped/>
  </testcase>
  <testcase classname="com.tradeshift.triangle.test.TriangleTypeTest" name="notIsoscelesTypeTest[9]" time="0">
    <skipped/>
  </testcase>
  <testcase classname="com.tradeshift.triangle.test.TriangleTypeTest" name="notEquilateralTypeTest[9]" time="0"/>
</testsuite>